{
  "RSpec": {
    "coverage": {
      "/home/coderworld/kreeti/carbechoo/app/controllers/buyer_controller.rb": {
        "lines": [
          1,
          null,
          1,
          null,
          1,
          2,
          0,
          null,
          2,
          1,
          null,
          null,
          null,
          1,
          0,
          0,
          0,
          null,
          null,
          null,
          1,
          0,
          0,
          0,
          0,
          0,
          0,
          0,
          0,
          0,
          0,
          null,
          0,
          null,
          0,
          0,
          0,
          0,
          0,
          0,
          0,
          null,
          0,
          null,
          null,
          null,
          null,
          1,
          0,
          0,
          null,
          0,
          0,
          0,
          0,
          null,
          0,
          null,
          null,
          null,
          null,
          1,
          0,
          0,
          null,
          null,
          null,
          1,
          1,
          1,
          1,
          1,
          1,
          1,
          1,
          1,
          1,
          1,
          0,
          0,
          null,
          null,
          1,
          null,
          null,
          null
        ]
      },
      "/home/coderworld/kreeti/carbechoo/app/controllers/application_controller.rb": {
        "lines": [
          1,
          1,
          1,
          1,
          15,
          10,
          null,
          5,
          null,
          null,
          null,
          null,
          1,
          0,
          0,
          null,
          0,
          null,
          null,
          null,
          1,
          2,
          2,
          null,
          null,
          null
        ]
      },
      "/home/coderworld/kreeti/carbechoo/spec/controllers/seller_controller_spec.rb": {
        "lines": [
          1,
          null,
          1,
          1,
          null,
          null,
          1,
          1,
          1,
          1,
          null,
          null,
          1,
          1,
          1,
          1,
          null,
          null,
          1,
          1,
          1,
          1,
          null,
          null,
          1,
          1,
          1,
          1,
          null,
          null,
          null,
          null
        ]
      },
      "/home/coderworld/kreeti/carbechoo/app/controllers/seller_controller.rb": {
        "lines": [
          1,
          1,
          null,
          1,
          4,
          2,
          null,
          2,
          2,
          null,
          null,
          null,
          1,
          0,
          0,
          0,
          null,
          null,
          1,
          0,
          0,
          0,
          0,
          0,
          0,
          0,
          0,
          0,
          0,
          0,
          null,
          0,
          null,
          0,
          0,
          0,
          0,
          0,
          0,
          0,
          null,
          0,
          null,
          null,
          null,
          1,
          0,
          0,
          0,
          null,
          null,
          1,
          0,
          0,
          0,
          0,
          0,
          0,
          0,
          0,
          0,
          0,
          0,
          null,
          0,
          0,
          0,
          null,
          null,
          null,
          1,
          0,
          0,
          0,
          0,
          0,
          0,
          0,
          0,
          0,
          0,
          0,
          0,
          0,
          0,
          0,
          0,
          0,
          0,
          null,
          0,
          0,
          0,
          0,
          0,
          null,
          0,
          0,
          null,
          null,
          null,
          1,
          0,
          null,
          null,
          1,
          0,
          0,
          null,
          null,
          null
        ]
      },
      "/home/coderworld/kreeti/carbechoo/spec/controllers/user_controller_spec.rb": {
        "lines": [
          1,
          null,
          1,
          1,
          1,
          1,
          1,
          1,
          null,
          1,
          1,
          1,
          1,
          null,
          null,
          1,
          1,
          1,
          1,
          null,
          null,
          1,
          1,
          2,
          1,
          1,
          null,
          null,
          1,
          2,
          1,
          1,
          null,
          null,
          1,
          2,
          1,
          1,
          null,
          null,
          null,
          1,
          2,
          1,
          1,
          null,
          null,
          null,
          1,
          2,
          1,
          1,
          null,
          null,
          null,
          null,
          null,
          null,
          null,
          null,
          1,
          1,
          1,
          1,
          1,
          null,
          null,
          null,
          null
        ]
      },
      "/home/coderworld/kreeti/carbechoo/app/controllers/user_controller.rb": {
        "lines": [
          1,
          null,
          1,
          null,
          1,
          2,
          1,
          0,
          null,
          1,
          null,
          null,
          1,
          1,
          1,
          1,
          1,
          1,
          1,
          1,
          1,
          1,
          1,
          0,
          0,
          null,
          null,
          1,
          null,
          null,
          1,
          0,
          0,
          null,
          null,
          1,
          0,
          null,
          null,
          1,
          0,
          0,
          0,
          0,
          0,
          0,
          0,
          0,
          null,
          null,
          0,
          null,
          null,
          0,
          null,
          null,
          null,
          1,
          null,
          0,
          0,
          null,
          null,
          0,
          0,
          null,
          null,
          0,
          0,
          0,
          0,
          null,
          0,
          null,
          null,
          0,
          null,
          null,
          1,
          0,
          0,
          0,
          0,
          0,
          null,
          0,
          0,
          0,
          0,
          null,
          0,
          0,
          0,
          null,
          0,
          null,
          null,
          1,
          0,
          0,
          0,
          null,
          0,
          0,
          0,
          0,
          0,
          0,
          0,
          null,
          0,
          0,
          null,
          null,
          0,
          null,
          null,
          0,
          null,
          null,
          1,
          0,
          null,
          null,
          1,
          0,
          0,
          0,
          0,
          0,
          0,
          null,
          0,
          null,
          null,
          0,
          null,
          null,
          null,
          1,
          0,
          0,
          0,
          0,
          0,
          0,
          null,
          0,
          null,
          null,
          0,
          null,
          null,
          0,
          null,
          null,
          1,
          0,
          0,
          0,
          0,
          null,
          0,
          null,
          null,
          null,
          1,
          0,
          0,
          0,
          null,
          0,
          null,
          null,
          0,
          null,
          null,
          null,
          1,
          1,
          1,
          1,
          0,
          null,
          1,
          null,
          null,
          1,
          1,
          0,
          0,
          0,
          0,
          null,
          0,
          0,
          0,
          null,
          0,
          null,
          null,
          0,
          null,
          null,
          1,
          1,
          0,
          0,
          0,
          0,
          null,
          null,
          0,
          null,
          0,
          0,
          null,
          0,
          null,
          null,
          0,
          null,
          null,
          1,
          0,
          0,
          0,
          null,
          null,
          1,
          0,
          0,
          null,
          null,
          1,
          1,
          1,
          0,
          null,
          1,
          1,
          1,
          null,
          2,
          1,
          null,
          null,
          1,
          null,
          0,
          0,
          0,
          null,
          null,
          0,
          null,
          null,
          1,
          0,
          0,
          0,
          0,
          0,
          0,
          0,
          0,
          0,
          null,
          0,
          0,
          0,
          0,
          0,
          0,
          0,
          null,
          null,
          null,
          0,
          0,
          0,
          null,
          null,
          null,
          0,
          null,
          0,
          0,
          0,
          0,
          null,
          0,
          null,
          0,
          0,
          null,
          null,
          null,
          1,
          1,
          1,
          1,
          0,
          null,
          1,
          null,
          null,
          1,
          0,
          0,
          0,
          0,
          null,
          0,
          null,
          null,
          1,
          1,
          1,
          1,
          0,
          null,
          1,
          null,
          0,
          0,
          null,
          0,
          null,
          null,
          1,
          null,
          null,
          1,
          1,
          1,
          1,
          null,
          1,
          0,
          null,
          null,
          1,
          1,
          1,
          null,
          1,
          null,
          null,
          null,
          1,
          0,
          null,
          null,
          null
        ]
      },
      "/home/coderworld/kreeti/carbechoo/spec/models/brand_spec.rb": {
        "lines": [
          1,
          null,
          1,
          3,
          null,
          1,
          3,
          1,
          1,
          1,
          null,
          3,
          1,
          1,
          1,
          null,
          null,
          null
        ]
      },
      "/home/coderworld/kreeti/carbechoo/app/models/brand.rb": {
        "lines": [
          1,
          null,
          1,
          1,
          null,
          null
        ]
      },
      "/home/coderworld/kreeti/carbechoo/app/models/application_record.rb": {
        "lines": [
          1,
          1,
          null
        ]
      },
      "/home/coderworld/kreeti/carbechoo/spec/models/buyer_appointment_spec.rb": {
        "lines": [
          1,
          null,
          1,
          3,
          null,
          1,
          3,
          1,
          1,
          1,
          null,
          null,
          3,
          1,
          1,
          1,
          null,
          null,
          null,
          null
        ]
      },
      "/home/coderworld/kreeti/carbechoo/app/models/buyer_appointment.rb": {
        "lines": [
          1,
          1,
          1,
          null,
          1,
          0,
          0,
          null,
          null
        ]
      },
      "/home/coderworld/kreeti/carbechoo/spec/models/car_model_spec.rb": {
        "lines": [
          1,
          null,
          1,
          3,
          null,
          3,
          1,
          1,
          1,
          1,
          null,
          null,
          null,
          1,
          1,
          1,
          1,
          null,
          null,
          null
        ]
      },
      "/home/coderworld/kreeti/carbechoo/app/models/car_model.rb": {
        "lines": [
          1,
          null,
          1,
          1,
          null,
          null
        ]
      },
      "/home/coderworld/kreeti/carbechoo/spec/models/city_spec.rb": {
        "lines": [
          1,
          null,
          1,
          5,
          null,
          5,
          1,
          1,
          1,
          null,
          null,
          5,
          1,
          1,
          null,
          null,
          5,
          1,
          1,
          1,
          null,
          null,
          5,
          1,
          1,
          1,
          null,
          null,
          null
        ]
      },
      "/home/coderworld/kreeti/carbechoo/app/models/city.rb": {
        "lines": [
          1,
          1,
          1,
          1,
          null
        ]
      },
      "/home/coderworld/kreeti/carbechoo/spec/models/cost_range_spec.rb": {
        "lines": [
          1,
          null,
          1,
          4,
          null,
          4,
          1,
          1,
          1,
          1,
          null,
          1,
          1,
          1,
          null,
          null,
          null,
          4,
          1,
          1,
          1,
          1,
          null,
          null,
          null
        ]
      },
      "/home/coderworld/kreeti/carbechoo/app/models/cost_range.rb": {
        "lines": [
          1,
          null,
          1,
          1,
          1,
          1,
          null,
          1,
          null,
          1,
          0,
          null,
          null,
          null
        ]
      },
      "/home/coderworld/kreeti/carbechoo/spec/models/country_spec.rb": {
        "lines": [
          1,
          null,
          1,
          3,
          null,
          3,
          1,
          1,
          1,
          1,
          null,
          null,
          1,
          1,
          1,
          null,
          null,
          null,
          null
        ]
      },
      "/home/coderworld/kreeti/carbechoo/app/models/country.rb": {
        "lines": [
          1,
          1,
          1,
          null
        ]
      },
      "/home/coderworld/kreeti/carbechoo/spec/models/killometer_driven_spec.rb": {
        "lines": [
          1,
          null,
          1,
          2,
          null,
          2,
          1,
          1,
          1,
          1,
          null,
          null,
          null,
          null
        ]
      },
      "/home/coderworld/kreeti/carbechoo/app/models/killometer_driven.rb": {
        "lines": [
          1,
          1,
          null,
          null
        ]
      },
      "/home/coderworld/kreeti/carbechoo/spec/models/seller_appointment_spec.rb": {
        "lines": [
          1,
          null,
          1,
          12,
          null,
          12,
          1,
          1,
          1,
          null,
          null,
          12,
          1,
          1,
          1,
          null,
          null,
          12,
          1,
          1,
          1,
          null,
          null,
          12,
          1,
          1,
          1,
          null,
          null,
          12,
          1,
          1,
          1,
          null,
          null,
          12,
          1,
          1,
          1,
          null,
          null,
          12,
          1,
          1,
          1,
          null,
          null,
          12,
          1,
          1,
          1,
          null,
          null,
          12,
          1,
          1,
          1,
          null,
          null,
          1,
          1,
          1,
          null,
          null,
          1,
          1,
          1,
          null,
          null
        ]
      },
      "/home/coderworld/kreeti/carbechoo/app/models/seller_appointment.rb": {
        "lines": [
          1,
          1,
          1,
          1,
          1,
          1,
          1,
          1,
          1,
          1,
          1,
          1,
          1,
          null,
          1,
          1,
          null,
          1,
          0,
          null,
          null,
          1,
          0,
          0,
          0,
          0,
          0,
          0,
          null,
          0,
          null,
          0,
          0,
          null,
          0,
          null,
          null,
          1,
          1,
          null,
          1,
          1,
          1,
          1,
          1,
          1,
          1,
          1,
          null,
          1,
          0,
          0,
          null,
          0,
          null,
          null,
          1,
          0,
          null,
          1,
          null,
          null,
          null,
          null,
          1,
          0,
          0,
          null,
          null,
          1,
          0,
          0,
          null,
          0,
          null,
          null,
          null
        ]
      },
      "/home/coderworld/kreeti/carbechoo/spec/models/state_spec.rb": {
        "lines": [
          1,
          null,
          1,
          5,
          5,
          1,
          1,
          null,
          null,
          5,
          1,
          1,
          1,
          null,
          null,
          5,
          1,
          1,
          1,
          null,
          null,
          5,
          1,
          1,
          1,
          null,
          null,
          null
        ]
      },
      "/home/coderworld/kreeti/carbechoo/app/models/state.rb": {
        "lines": [
          1,
          1,
          1,
          1,
          null
        ]
      },
      "/home/coderworld/kreeti/carbechoo/spec/models/user_spec.rb": {
        "lines": [
          1,
          null,
          1,
          14,
          null,
          14,
          1,
          1,
          1,
          null,
          null,
          14,
          1,
          1,
          1,
          null,
          null,
          14,
          1,
          1,
          1,
          null,
          null,
          14,
          1,
          null,
          1,
          1,
          1,
          null,
          null,
          14,
          1,
          1,
          1,
          null,
          null,
          14,
          1,
          1,
          1,
          null,
          null,
          14,
          1,
          1,
          1,
          null,
          null,
          null,
          14,
          1,
          1,
          1,
          null,
          null,
          14,
          1,
          1,
          1,
          null,
          null,
          14,
          1,
          1,
          1,
          null,
          null,
          null,
          14,
          1,
          1,
          1,
          null,
          null,
          14,
          1,
          1,
          1,
          null,
          null,
          null,
          14,
          1,
          1,
          1,
          null,
          null,
          null
        ]
      },
      "/home/coderworld/kreeti/carbechoo/app/models/user.rb": {
        "lines": [
          1,
          1,
          1,
          1,
          1,
          null,
          1,
          53,
          53,
          53,
          53,
          53,
          null,
          null,
          1,
          1,
          1,
          1,
          1,
          1,
          1,
          null,
          1,
          1,
          1,
          null,
          1,
          1,
          null,
          1,
          1,
          1,
          null,
          1,
          null,
          1,
          1,
          null,
          1,
          0,
          null,
          null,
          1,
          0,
          null,
          null,
          1,
          0,
          null,
          null,
          1,
          1,
          null,
          null,
          1,
          0,
          0,
          0,
          0,
          0,
          0,
          null,
          null,
          1,
          728,
          null,
          null,
          1,
          53,
          null,
          null,
          1,
          0,
          null,
          null,
          1,
          0,
          null,
          null,
          1,
          53,
          null,
          null,
          1,
          12,
          null,
          null,
          1,
          0,
          0,
          0,
          null,
          null,
          null,
          1,
          null,
          1,
          0,
          0,
          null,
          null,
          1,
          53,
          41,
          null,
          null,
          null,
          1,
          0,
          0,
          null,
          null,
          null,
          1,
          182,
          13,
          13,
          13,
          13,
          13,
          13,
          13,
          13,
          13,
          null,
          13,
          13,
          null,
          null,
          null
        ]
      },
      "/home/coderworld/kreeti/carbechoo/app/models/car_variant.rb": {
        "lines": [
          1,
          1,
          null
        ]
      },
      "/home/coderworld/kreeti/carbechoo/app/models/car_registration.rb": {
        "lines": [
          1,
          1,
          null
        ]
      },
      "/home/coderworld/kreeti/carbechoo/app/models/car_registration_year.rb": {
        "lines": [
          1,
          null,
          1,
          null,
          null
        ]
      }
    },
    "timestamp": 1632862577
  }
}
